<?xml version="1.0" encoding="UTF-8"?>
<testng-results total="1" passed="1" failed="0" skipped="0">
  <reporter-output>
  </reporter-output>
  <suite started-at="2018-06-08T18:24:01Z" name="Default suite" finished-at="2018-06-08T18:24:01Z" duration-ms="19">
    <groups>
    </groups>
    <test started-at="2018-06-08T18:24:01Z" name="Default test" finished-at="2018-06-08T18:24:01Z" duration-ms="19">
      <class name="SeleniumLearnings.NewApplication.Sampletest">
        <test-method signature="samplemethod()[pri:0, instance:SeleniumLearnings.NewApplication.Sampletest@1c1bbc4e]" started-at="2018-06-08T14:24:01Z" name="samplemethod" finished-at="2018-06-08T14:24:01Z" duration-ms="10" status="PASS">
          <reporter-output>
          </reporter-output>
        </test-method> <!-- samplemethod -->
      </class> <!-- SeleniumLearnings.NewApplication.Sampletest -->
    </test> <!-- Default test -->
  </suite> <!-- Default suite -->
</testng-results>
